********************************************************************************
DUPLICATOR-LITE PACKAGE-LOG: 22 February 2024 04:20
NOTICE: Do NOT post to public sites or forums 
********************************************************************************
VERSION:	1.5.8.1
WORDPRESS:	6.4.3
PHP INFO:	8.1.27 | SAPI: litespeed
SERVER:		LiteSpeed 
PHP TIME LIMIT: (0) no time limit imposed 
PHP MAX MEMORY: 4294967296 (1536M default) 
MEMORY STACK: 14MB

********************************************************************************
DATABASE:
********************************************************************************
BUILD MODE:   MYSQLDUMP
MYSQLTIMEOUT: 5000
MYSQLDUMP:    Is Supported
SQL CREATED: BackUp_22_Feb_2024_99ff14a2ef1087755381_20240222042051_database.sql
SQL FILE SIZE: 17.03MB (17856337)
SQL FILE TIME: 2024-02-22 04:20:57
SQL RUNTIME: 0.71 sec.

********************************************************************************
ARCHIVE (ZIP):
********************************************************************************
ARCHIVE DIR:  /home/u820402488/domains/wcmstudiosco.com/public_html
ARCHIVE FILE: BackUp_22_Feb_2024_99ff14a2ef1087755381_20240222042051_archive.zip
FILTERS: *OFF*
DIRS:
	not set
FILES:
	not set
EXTS:  not set
----------------------------------------
COMPRESSING
SIZE:	150.92MB
STATS:	Dirs 1,438 | Files 6,911
SQL ADDED: BackUp_22_Feb_2024_99ff14a2ef1087755381_20240222042051_database.sql
ZipArchive Object
(
    [lastId] => 8348
    [status] => 0
    [statusSys] => 0
    [numFiles] => 8349
    [filename] => /home/u820402488/domains/wcmstudiosco.com/public_html/wp-content/backups-dup-lite/tmp/BackUp_22_Feb_2024_99ff14a2ef1087755381_20240222042051_archive.zip
    [comment] => 
)

FILE ADDED TO ZIP: 8348
COMPRESSION RESULT: '1'
COMPRESSED SIZE: 46.71MB
ARCHIVE RUNTIME: 49.79 sec.
MEMORY STACK: 18MB
building installer
ARCHIVE CONSISTENCY TEST: PASS

********************************************************************************
INTEGRITY CHECKS:
********************************************************************************
SQL FILE: 17.03MB
INSTALLER FILE: 73.48KB
ARCHIVE FILE: 48.61MB 
EXPECTED FILE/DIRECTORY COUNT: 8,349
ACTUAL FILE/DIRECTORY COUNT: 8,348
ARCHIVE CONSISTENCY TEST: Pass

********************************************************************************
RECORD ID:[1]
TOTAL PROCESS RUNTIME: 54.25 sec.
PEAK PHP MEMORY USED: 18MB
DONE PROCESSING => BackUp_22_Feb_2024 22 February 2024 04:21

